[DEBUG   ] confapp.settings_manager                 + SETTINGS: pyforms.settings                  idtrackerai_app.b[INFO    ] idtrackerai_app.base_idtrackerai         Local seconfapp.settings_manager - [DEBUG   ] confapp.settings_manager                 + SETTINGS: idtrackidtrackerai_app.base_idtrackerai - INFO - TE[INFO    ] idtrackerai_app.base_idtrackerai         TENSORFLOW DEVICES: [_DeviceAttributes(/job:localhost/replica:0/task:/Users/ninatubau/anaconda3/envs/idtrackerai/lib/python[DEBUG   ] /Users/ninatubau/anaconda3/envs/idtrackerai/lib/python3.6/site-packages/pyforms_terminal/bas/Users/ninatubau/anaconda3/envs/idtrackerai/lib/python3[DEBUG   ] /Users/ninatubau/anaconda3/envs/idtrackerai/lib/python3.6/site-packages/pyforms_terminal/Users/ninatubau/anaconda3/envs/idtrackerai/lib/python3.[DEBUG   ] /Users/ninatubau/anaconda3/envs/idtrackerai/lib/python3.6/site-packages/pyforms_termina/Users/ninatubau/anaconda3/envs/idtrackerai/lib/python3.6[DEBUG   ] /Users/ninatubau/anaconda3/envs/idtrackerai/lib/python3.6/site-packages/pyforms_terminal/basewidget.py [Video file. Note: overwrite the _video parameter defined in the json. Nice to have to execute the application in a cluster environ/Users/ninatubau/anaconda3/envs/idtrackerai/lib/python3.6/[DEBUG   ] /Users/ninatubau/anaconda3/envs/idtrackerai/lib/python3.6/site-packages/pyforms_termin/Users/ninatubau/anaconda3/envs/idtrackerai/lib/python3.6/s[DEBUG   ] /Users/ninatubau/anaconda3/envs/idtrackerai/lib/python3.6/site-packages/pyforms_term/Users/ninatubau/anaconda3/envs/idtrackerai/lib/python3.6/si[DEBUG   ] /Users/ninatubau/anaconda3/envs/idtrackerai/lib/python3.6/site-packages/pyforms_term/Users/ninatubau/anaconda3/envs/idtrackerai/lib/python3.6/sit[DEBUG   ] /Users/ninatubau/anaconda3/envs/idtrackerai/lib/python3.6/site-packages/pyforms_ter/Users/ninatubau/anaconda3/envs/idtrackerai/lib/python3.6/site[DEBUG   ] /Users/ninatubau/anaconda3/envs/idtrackerai/lib/python3.6/site-packages/pyforms_/Users/ninatubau/anaconda3/envs/idtrackerai/lib/python3.6/site-[DEBUG   ] /Users/ninatubau/anaconda3/envs/idtrackerai/lib/python3.6/site-packages/pyforms_term/Users/ninatubau/anaconda3/envs/idtrackerai/lib/python3.6/site-p[DEBUG   ] /Users/ninatubau/anaconda3/envs/idtrackerai/lib/python3.6/site-packages/pyforms_termina/Users/ninatubau/anaconda3/envs/idtrackerai/lib/python3.6/site-pa[DEBUG   ] /Users/ninatubau/anaconda3/envs/idtrackerai/lib/python3.6/site-packages/pyforms_t/Users/ninatubau/anaconda3/envs/idtrackerai/lib/python3.6/site-pac[DEBUG   ] /Users/ninatubau/anaconda3/envs/idtrackerai/lib/python3.6/site-packages/pyfo/Users/ninatubau/anaconda3/envs/idtrackerai/lib/python3.6/site-pack[DEBUG   ] /Users/ninatubau/anaconda3/envs/idtrackerai/lib/python3.6/site-packages/pyfo/Users/ninatubau/anaconda3/envs/idtrackerai/lib/python3.6/site-packa[DEBUG   ] /Users/ninatubau/anaconda3/envs/idtrackerai/lib/python3.6/site-packages/pyfo/Users/ninatubau/anaconda3/envs/idtrackerai/lib/python3.6/site-packag[DEBUG   ] /Users/ninatubau/anaconda3/envs/idtrackerai/lib/python3.6/site-packages/pyf/Users/ninatubau/anaconda3/envs/idtrackerai/lib/python3.6/site-package[DEBUG   ] /Users/ninatubau/anaconda3/envs/idtrackerai/lib/python3.6/site-packages/pyforms_/Users/ninatubau/anaconda3/envs/idtrackerai/lib/python3.6/site-packages[DEBUG   ] /Users/ninatubau/anaconda3/envs/idtrackerai/lib/python3.6/site-packages/Users/ninatubau/anaconda3/envs/idtrackerai/lib/python3.6/site-packages/[DEBUG   ] /Users/ninatubau/anaconda3/envs/idtrackerai/lib/python3.6/site-packages/pyforms_term/Users/ninatubau/anaconda3/envs/idtrackerai/lib/python3.6/site-packages/p[DEBUG   ] /Users/ninatubau/anaconda3/envs/idtrackerai/lib/python3.6/site-packages/pyforms_terminal/basewidget.py [                       /Users/ninatubau/anaconda3/envs/idtrackerai/lib/python3.6/site-packages/py[DEBUG   ] /Users/ninatubau/anaconda3/envs/idtrackerai/lib/python3.6/site-packages/pyforms_terminal/basewidget.py [             Tracking interval]: [{'va/Users/ninatubau/anaconda3/envs/idtrackerai/lib/python3.6/site-packages/pyf[DEBUG   ] /Users/ninatubau/anaconda3/envs/idtrackerai/lib/python3.6/site-packages/pyfor/Users/ninatubau/anaconda3/envs/idtrackerai/lib/python3.6/site-packages/pyfo[DEBUG   ] /Users/ninatubau/anaconda3/envs/idtrackerai/lib/python3.6/site-packages/pyforms_t/Users/ninatubau/anaconda3/envs/idtrackerai/lib/python3.6/site-packages/pyfor[DEBUG   ] /Users/ninatubau/anaconda3/envs/idtrackerai/lib/python3.6/site-packages/pyforms_terminal/basewidget.py [          Intensity thresholds]: [{/Users/ninatubau/anaconda3/envs/idtrackerai/lib/python3.6/site-packages/pyform[DEBUG   ] /Users/ninatubau/anaconda3/envs/idtrackerai/lib/python3.6/site-packages/pyforms_terminal/basewidget.py [               Area thresholds]: [{'valu/Users/ninatubau/anaconda3/envs/idtrackerai/lib/python3.6/site-packages/pyforms[DEBUG   ] /Users/ninatubau/anaconda3/envs/idtrackerai/lib/python3.6/site-packages//Users/ninatubau/anaconda3/envs/idtrackerai/lib/python3.6/site-packages/pyforms_[DEBUG   ] /Users/ninatubau/anaconda3/envs/idtrackerai/lib/python3.6/site-packages/p/Users/ninatubau/anaconda3/envs/idtrackerai/lib/python3.6/site-packages/pyforms_t[DEBUG   ] /Users/ninatubau/anaconda3/envs/idtrackerai/lib/python3.6/site-packages/pyfo/Users/ninatubau/anaconda3/envs/idtrackerai/lib/python3.6/site-packages/pyforms_te[DEBUG   ] /Users/ninatubau/anaconda3/envs/idtrackerai/lib/python3.6/s/Users/ninatubau/anaconda3/envs/idtrackerai/lib/python3.6/site-packages/pyforms_ter[DEBUG   ] /Users/ninatubau/anaconda3/envs/idtrackerai/lib/python3.6/site-packages/py/Users/ninatubau/anaconda3/envs/idtrackerai/lib/python3.6/site-packages/pyforms_term[DEBUG   ] /Users/ninatubau/anaconda3/envs/idtrackerai/lib/python3.6/site-packages/p/Users/ninatubau/anaconda3/envs/idtrackerai/lib/python3.6/site-packages/pyforms_termi[DEBUG   ] /Users/ninatubau/anaconda3/envs/idtrackerai/lib/python3.6/sit/Users/ninatubau/anaconda3/envs/idtrackerai/lib/python3.6/site-packages/pyforms_termin[DEBUG   ] /Users/ninatubau/anaconda3/envs/idtrackerai/lib/python3./Users/ninatubau/anaconda3/envs/idtrackerai/lib/python3.6/site-packages/pyforms_termina[DEBUG   ] /Users/ninatubau/anaconda3/envs/idtrackerai/lib/python3./Users/ninatubau/anaconda3/envs/idtrackerai/lib/python3.6/site-packages/pyforms_terminal[DEBUG   ] /Users/ninatubau/anaconda3/envs/idtrackerai/lib/python3.6/site-packages/pyforms_terminal/basewidget/Users/ninatubau/anaconda3/envs/idtrackerai/lib/python3.6/site-packages/pyforms_terminal/[DEBUG   ] /Users/ninatubau/anaconda3/envs/idtrackerai/lib/python3.6/site-packages/pyforms_terminal/basewidge/Users/ninatubau/anaconda3/envs/idtrackerai/lib/python3.6/site-packages/pyforms_terminal/b[DEBUG   ] /Users/ninatubau/anaconda3/envs/idtrackerai/lib/python/Users/ninatubau/anaconda3/envs/idtrackerai/lib/python3.6/site-packages/pyforms_terminal/ba[DEBUG   ] /Users/ninatubau/anaconda3/envs/idtrackerai/lib/py/Users/ninatubau/anaconda3/envs/idtrackerai/lib/python3.6/site-packages/pyforms_terminal/bas[DEBUG   ] /Users/ninatubau/anaconda3/envs/idtrackerai/lib/pyth/Users/ninatubau/anaconda3/envs/idtrackerai/lib/python3.6/site-packages/pyforms_terminal/base[DEBUG   ] /Users/ninatubau/anaconda3/envs/idtrackerai/lib/pyt/Users/ninatubau/anaconda3/envs/idtrackerai/lib/python3.6/site-packages/pyforms_terminal/basew[DEBUG   ] /Users/ninatubau/anaconda3/envs/idtrackerai/lib//Users/ninatubau/anaconda3/envs/idtrackerai/lib/python3.6/site-packages/pyforms_terminal/basewi[DEBUG   ] /Users/ninatubau/anaconda3/envs/idtrackerai/lib/pyth/Users/ninatubau/anaconda3/envs/idtrackerai/lib/python3.6/site-packages/pyforms_terminal/basewid[DEBUG   ] /Users/ninatubau/anaconda3/envs/idtrackerai/lib/python3/Users/ninatubau/anaconda3/envs/idtrackerai/lib/python3.6/site-packages/pyforms_terminal/basewidg[DEBUG   ] /Users/ninatubau/anaconda3/envs/idtrackerai/lib/py/Users/ninatubau/anaconda3/envs/idtrackerai/lib/python3.6/site-packages/pyforms_terminal/basewidge[DEBUG   ] /Users/ninatubau/anaconda3/envs/idtrackera/Users/ninatubau/anaconda3/envs/idtrackerai/lib/python3.6/site-packages/pyforms_terminal/basewidget[DEBUG   ] /Users/ninatubau/anaconda3/envs/idtrackerai//Users/ninatubau/anaconda3/envs/idtrackerai/lib/python3.6/site-packages/pyforms_terminal/basewidget.[DEBUG   ] /Users/ninatubau/anaconda3/envs/idtrack/Users/ninatubau/anaconda3/envs/idtrackerai/lib/python3.6/site-packages/pyforms_terminal/basewidget.p[DEBUG   ] /Users/ninatubau/anaconda3/envs/idtrackerai/Users/ninatubau/anaconda3/envs/idtrackerai/lib/python3.6/site-packages/pyforms_terminal/basewidget.py[DEBUG   ] /Users/ninatubau/anaconda3/envs/idtrackera/Users/ninatubau/anaconda3/envs/idtrackerai/lib/python3.6/site-packages/pyforms_terminal/basewidget.py [DEBUG   ] /Users/ninatubau/anaconda3/envs/idtrackerai__main__.video - DEBUG - Video object init
__main__.video - DEBUG - Video(open_multiple_files=False)
__main__.video - INFO - the folder /Users/ninatubau/Desktop/data_parasite/session_test has been created
idtrackerai_app.base_idtrackerai - DEBUG - create Chosen_Video
__main__.video - DEBUG - Video object init
__main__.video - DEBUG - Video(open_multiple_files=False)
idtrackerai_app.base_idtrackerai - DEBUG - before init PreprocessingPreviewAPI
idtrackerai_app.base_idtrackerai - DEBUG - pre object: <idtrackerai.preprocessing_preview_api.PreprocessingPreviewAPI object at 0x11019a9b0>
idtrackerai_app.base_idtrackerai - DEBUG - call: init_preview
idtrackerai.preprocessing_preview_api - DEBUG - init_preview
idtrackerai.preprocessing_preview_api - DEBUG - init_preproc_parameters
idtrackerai.preprocessing_preview_api - DEBUG - init_segment_zero
idtrackerai_app.base_idtrackerai - DEBUG - call: init_preproc_parameters
idtrackerai.preprocessing_preview_api - DEBUG - init_preproc_parameters
idtrackerai_app.base_idtrackerai - DEBUG - call: segment
idtrackerai.preprocessing_preview_api - DEBUG - segment
idtrackerai.preprocessing_preview_api - DEBUG - segment 1
idtrackerai.preprocessing_preview_api - DEBUG - segment 2
__main__.video - INFO - saving video object in /Users/ninatubau/Desktop/data_parasite/session_test/video_object.npy
__main__.video - DEBUG - Video.save(open_multiple_files=False)
idtrackerai_app.base_idtrackerai - DEBUG - call: compute_list_of_blobs
__main__.py_utils - INFO - Setting MKL library to use single thread
__main__.segmentation - INFO - There is only one path, segmenting by frame indices
__main__.py_utils - INFO - Setting MKL library to use multiple threads
idtrackerai_app.base_idtrackerai - DEBUG - call: check_segmentation_consistency
idtrackerai_app.base_idtrackerai - DEBUG - call: save_list_of_blobs_segmented
__main__.video - INFO - saving video object in /Users/ninatubau/Desktop/data_parasite/session_test/video_object.npy
__main__.video - DEBUG - Video.save(open_multiple_files=False)
idtrackerai_app.base_idtrackerai - DEBUG - call: model_area_and_crossing_detector
idtrackerai_app.base_idtrackerai - DEBUG - call: train_and_apply_crossing_detector
__main__.crossing_detector - INFO - Discriminating blobs representing individuals from blobs associated to crossings
__main__.video - INFO - setting path to save crossing detector model
__main__.crossing_detector - INFO - Get individual and crossing images labelled data
__main__.get_crossing_data_set - DEBUG - number of crossing blobs (in get list): 2
__main__.get_crossing_data_set - DEBUG - Not enough crossings where found
__main__.crossing_detector - DEBUG - There are not enough crossings to train the crossing detector
idtrackerai_app.base_idtrackerai - DEBUG - call: generate_list_of_fragments_and_global_fragments
__main__.list_of_blobs - INFO - number_of_individual_fragments, 375
__main__.list_of_blobs - INFO - number_of_crossing_fragments: 3
__main__.list_of_blobs - INFO - total number of fragments: 378
__main__.list_of_fragments - INFO - getting coexisting individual fragments indices
idtrackerai_app.base_idtrackerai - ERROR - max() arg is an empty sequence
Traceback (most recent call last):
  File "/Users/ninatubau/anaconda3/envs/idtrackerai/lib/python3.6/site-packages/idtrackerai_app/base_idtrackerai.py", line 157, in track_video
    if self.step1_pre_processing():
  File "/Users/ninatubau/anaconda3/envs/idtrackerai/lib/python3.6/site-packages/idtrackerai_app/base_idtrackerai.py", line 284, in step1_pre_processing
    pre.generate_list_of_fragments_and_global_fragments()
  File "/Users/ninatubau/anaconda3/envs/idtrackerai/lib/python3.6/site-packages/idtrackerai/preprocessing_preview_api.py", line 219, in generate_list_of_fragments_and_global_fragments
    self.list_of_global_fragments.compute_maximu[ERROR   ] idtrackerai_app.base_idtrackerai         max() arg is an empty sequence
Traceback (most recent call last):
  File "/Users/ninatubau/anaconda3/envs/idtrackerai/lib/python3.6/site-packages/idtrackerai_app/base_idtrackerai.py", line 157, in track_video
    if self.step1_pre_processing():
  File "/Users/ninatubau/anaconda3/envs/idtrackerai/lib/python3.6/site-packages/idtrackerai_app/base_idtrackerai.py", line 284, in step1_pre_processing
    pre.generate_list_of_fragments_and_global_fragments()
  File "/Users/ninatubau/anaconda3/envs/idtrackerai/lib/python3.6/site-packages/idtrackerai/preprocessing_preview_api.py", line 219, in generate_list_of_fragments_and_global_fragments
    self.list_of_global_fragments.compute_maximum_number_of_images()
  File "/Users/ninatubau/anaconda3/envs/idtrackerai/lib/python3.6/site-packages/idtrackerai/list_of_global_fragments.py", line 257, in compute_maximum_number_of_images
    self.maximum_number_of_images = max([global_fragment.get_total_number_of_images() for global_fragment in self.global_fragments])
ValueError: max() arg is an empty sequence
